Unity Editor version:    2020.3.29f1 (2ff179115da0)
Branch:                  2020.3/staging
Build type:              Release
Batch mode:              YES
macOS version:           Version 11.5.2 (Build 20G95)
Darwin version:          20.6.0
Architecture:            x86_64
Running under Rosetta:   NO
Available memory:        16384 MB
Using pre-set license
Pro License: NO

COMMAND LINE ARGUMENTS:
/Applications/Unity/Hub/Editor/2020.3.29f1/Unity.app/Contents/MacOS/Unity
-adb2
-batchMode
-noUpm
-name
AssetImportWorker0
-projectPath
/Users/ryanbritten/Documents/GitHub/project name
-logFile
Logs/AssetImportWorker0.log
-srvPort
50355
Successfully changed project path to: /Users/ryanbritten/Documents/GitHub/project name
/Users/ryanbritten/Documents/GitHub/project name
Using Asset Import Pipeline V2.
Refreshing native plugins compatible for Editor in 69.18 ms, found 3 plugins.
Preloading 0 native plugins for Editor in 0.00 ms.
Initialize engine version: 2020.3.29f1 (2ff179115da0)
[Subsystems] Discovering subsystems at path /Applications/Unity/Hub/Editor/2020.3.29f1/Unity.app/Contents/Resources/UnitySubsystems
[Subsystems] Discovering subsystems at path /Users/ryanbritten/Documents/GitHub/project name/Assets
GfxDevice: creating device client; threaded=0
2022-02-22 12:13:46.541 Unity[80319:1012931] Color LCD preferred device: Intel(R) Iris(TM) Plus Graphics 655 (low power)
2022-02-22 12:13:46.541 Unity[80319:1012931] Metal devices available: 1
2022-02-22 12:13:46.541 Unity[80319:1012931] 0: Intel(R) Iris(TM) Plus Graphics 655 (low power)
2022-02-22 12:13:46.541 Unity[80319:1012931] Using device Intel(R) Iris(TM) Plus Graphics 655 (low power)
Initializing Metal device caps: Intel(R) Iris(TM) Plus Graphics 655
Initialize mono
Mono path[0] = '/Applications/Unity/Hub/Editor/2020.3.29f1/Unity.app/Contents/Managed'
Mono path[1] = '/Applications/Unity/Hub/Editor/2020.3.29f1/Unity.app/Contents/MonoBleedingEdge/lib/mono/unityjit'
Mono config path = '/Applications/Unity/Hub/Editor/2020.3.29f1/Unity.app/Contents/MonoBleedingEdge/etc'
Using monoOptions --debugger-agent=transport=dt_socket,embedding=1,server=y,suspend=n,address=127.0.0.1:56319
Begin MonoManager ReloadAssembly
Registering precompiled unity dll's ...
Register platform support module: /Applications/Unity/Hub/Editor/2020.3.29f1/PlaybackEngines/WebGLSupport/UnityEditor.WebGL.Extensions.dll
Register platform support module: /Applications/Unity/Hub/Editor/2020.3.29f1/Unity.app/Contents/PlaybackEngines/MacStandaloneSupport/UnityEditor.OSXStandalone.Extensions.dll
Registered in 0.000651 seconds.
Native extension for OSXStandalone target not found
Native extension for WebGL target not found
Refreshing native plugins compatible for Editor in 61.94 ms, found 3 plugins.
Preloading 0 native plugins for Editor in 0.00 ms.
Mono: successfully reloaded assembly
- Completed reload, in  0.713 seconds
Domain Reload Profiling:
	ReloadAssembly (713ms)
		BeginReloadAssembly (73ms)
			ExecutionOrderSort (0ms)
			DisableScriptedObjects (0ms)
			BackupInstance (0ms)
			ReleaseScriptingObjects (0ms)
			CreateAndSetChildDomain (1ms)
		EndReloadAssembly (559ms)
			LoadAssemblies (76ms)
			RebuildTransferFunctionScriptingTraits (0ms)
			SetupTypeCache (199ms)
			ReleaseScriptCaches (0ms)
			RebuildScriptCaches (42ms)
			SetupLoadedEditorAssemblies (222ms)
				LogAssemblyErrors (0ms)
				InitializePlatformSupportModulesInManaged (5ms)
				SetLoadedEditorAssemblies (0ms)
				RefreshPlugins (62ms)
				BeforeProcessingInitializeOnLoad (9ms)
				ProcessInitializeOnLoadAttributes (114ms)
				ProcessInitializeOnLoadMethodAttributes (31ms)
				AfterProcessingInitializeOnLoad (0ms)
				EditorAssembliesLoaded (0ms)
			ExecutionOrderSort2 (0ms)
			AwakeInstancesAfterBackupRestoration (0ms)
Platform modules already initialized, skipping
Registering precompiled user dll's ...
Registered in 0.001419 seconds.
Begin MonoManager ReloadAssembly
Native extension for OSXStandalone target not found
Native extension for WebGL target not found
Refreshing native plugins compatible for Editor in 67.61 ms, found 3 plugins.
Preloading 0 native plugins for Editor in 0.00 ms.
Mono: successfully reloaded assembly
- Completed reload, in  1.331 seconds
Domain Reload Profiling:
	ReloadAssembly (1332ms)
		BeginReloadAssembly (166ms)
			ExecutionOrderSort (0ms)
			DisableScriptedObjects (6ms)
			BackupInstance (0ms)
			ReleaseScriptingObjects (0ms)
			CreateAndSetChildDomain (33ms)
		EndReloadAssembly (1094ms)
			LoadAssemblies (83ms)
			RebuildTransferFunctionScriptingTraits (0ms)
			SetupTypeCache (403ms)
			ReleaseScriptCaches (1ms)
			RebuildScriptCaches (73ms)
			SetupLoadedEditorAssemblies (390ms)
				LogAssemblyErrors (0ms)
				InitializePlatformSupportModulesInManaged (5ms)
				SetLoadedEditorAssemblies (0ms)
				RefreshPlugins (68ms)
				BeforeProcessingInitializeOnLoad (63ms)
				ProcessInitializeOnLoadAttributes (235ms)
				ProcessInitializeOnLoadMethodAttributes (17ms)
				AfterProcessingInitializeOnLoad (2ms)
				EditorAssembliesLoaded (0ms)
			ExecutionOrderSort2 (0ms)
			AwakeInstancesAfterBackupRestoration (8ms)
Platform modules already initialized, skipping
Validating Project structure ... 0.018822 seconds.
Shader import version has changed; will reimport all shaders...
Upgrading shader files ...0.025932 seconds.
Application.AssetDatabase Initial Script Refresh Start
RefreshInfo: InitialScriptRefreshV2(NoUpdateAssetOptions) scanfilter:  ... 1 filters
RefreshProfiler: Total: 0.000ms
Application.AssetDatabase Initial Script Refresh End
Application.AssetDatabase.Refresh Start
Application.AssetDatabase.Refresh End
RefreshInfo: StopAssetImportingV2(ForceSynchronousImport) scanfilter: 
RefreshProfiler: Total: 0.000ms
Launching external process: /Applications/Unity/Hub/Editor/2020.3.29f1/Unity.app/Contents/Tools/UnityShaderCompiler
Launched and connected shader compiler UnityShaderCompiler after 0.02 seconds
Initializing Unity extensions:
========================================================================
Worker process is ready to serve import requests
Refreshing native plugins compatible for Editor in 0.51 ms, found 3 plugins.
Preloading 0 native plugins for Editor in 0.00 ms.
Unloading 2197 Unused Serialized files (Serialized files now loaded: 0)
System memory in use before: 213.4 MB.
System memory in use after: 212.6 MB.

Unloading 104 unused Assets to reduce memory usage. Loaded Objects now: 2666.
Total: 3.772872 ms (FindLiveObjects: 0.160079 ms CreateObjectMapping: 0.081208 ms MarkObjects: 2.842394 ms  DeleteObjects: 0.688479 ms)

AssetImportParameters requested are different than current active one (requested -> active):
  custom:video-decoder-ogg-theora: a1e56fd34408186e4bbccfd4996cb3dc -> 
  custom:container-muxer-webm: aa71ff27fc2769a1b78a27578f13a17b -> 
  custom:container-demuxer-webm: 4f35f7cbe854078d1ac9338744f61a02 -> 
  custom:container-demuxer-ogg: 62fdf1f143b41e24485cea50d1cbac27 -> 
  custom:video-encoder-webm-vp8: eb34c28f22e8b96e1ab97ce403110664 -> 
  custom:framework-osx-AVFoundation: e770b220cccbd017edd2c1fefb359320 -> 
  custom:video-decoder-webm-vp8: 9c59270c3fd7afecdb556c50c9e8de78 -> 
  custom:audio-decoder-ogg-vorbis: bf7c407c2cedff20999df2af8eb42d56 -> 
  custom:audio-encoder-webm-vorbis: bf7c407c2cedff20999df2af8eb42d56 -> 
========================================================================
Received Import Request.
  path: Assets/Thaleah_PixelFont/ThaleahFat.fontsettings
  artifactKey: Guid(652f7165b7c30ab46af6c4aad90a639b) Importer(815301076,1909f56bfc062723c751e8b465ee728b)
Start importing Assets/Thaleah_PixelFont/ThaleahFat.fontsettings using Guid(652f7165b7c30ab46af6c4aad90a639b) Importer(815301076,1909f56bfc062723c751e8b465ee728b)  -> (artifact id: 'f6f80a1d24556b81a71ccacf204d4070') in 1.143446 seconds 
  Import took 1.150059 seconds .

========================================================================
Received Import Request.
  Time since last request: 27.193637 seconds.
  path: Assets/Stylized Lava Materials/Lava01
  artifactKey: Guid(fa603172adc08c9439ceeae3cbc9bfd3) Importer(815301076,1909f56bfc062723c751e8b465ee728b)
Start importing Assets/Stylized Lava Materials/Lava01 using Guid(fa603172adc08c9439ceeae3cbc9bfd3) Importer(815301076,1909f56bfc062723c751e8b465ee728b)  -> (artifact id: 'c38f60fcc23ce360bcd6272d75e9ad71') in 0.001217 seconds 
  Import took 0.005236 seconds .

========================================================================
Received Import Request.
  Time since last request: 0.073274 seconds.
  path: Assets/Stylized Lava Materials/Lava01/M_Lava01.mat
  artifactKey: Guid(196a83e4fac7a644ebc189706f6c2082) Importer(815301076,1909f56bfc062723c751e8b465ee728b)
Start importing Assets/Stylized Lava Materials/Lava01/M_Lava01.mat using Guid(196a83e4fac7a644ebc189706f6c2082) Importer(815301076,1909f56bfc062723c751e8b465ee728b)  -> (artifact id: 'ae56a7b73e51c0d97e8bab58a68910cc') in 0.997441 seconds 
  Import took 1.006167 seconds .

========================================================================
Received Import Request.
  Time since last request: 0.000210 seconds.
  path: Assets/Stylized Lava Materials/Lava01/T_Lava01_metallic.png
  artifactKey: Guid(9be07e88bf304ab4b8ec2efeab744e75) Importer(815301076,1909f56bfc062723c751e8b465ee728b)
Start importing Assets/Stylized Lava Materials/Lava01/T_Lava01_metallic.png using Guid(9be07e88bf304ab4b8ec2efeab744e75) Importer(815301076,1909f56bfc062723c751e8b465ee728b)  -> (artifact id: 'b8cbac4a80778c5331deaa541c736a22') in 1.005891 seconds 
  Import took 1.012957 seconds .

========================================================================
Received Import Request.
  Time since last request: 0.000248 seconds.
  path: Assets/Stylized Lava Materials/Lava01/T_Lava01_ao.png
  artifactKey: Guid(7385f77603e598042988b50728804452) Importer(815301076,1909f56bfc062723c751e8b465ee728b)
Start importing Assets/Stylized Lava Materials/Lava01/T_Lava01_ao.png using Guid(7385f77603e598042988b50728804452) Importer(815301076,1909f56bfc062723c751e8b465ee728b)  -> (artifact id: '9999290e6ea0eeb53b359a6c3b665a23') in 0.011476 seconds 
  Import took 0.014879 seconds .

========================================================================
Received Import Request.
  Time since last request: 0.000299 seconds.
  path: Assets/Stylized Lava Materials/Lava01/T_Lava01_emissive.png
  artifactKey: Guid(82e1f644fb8e5504393566f67abc8f19) Importer(815301076,1909f56bfc062723c751e8b465ee728b)
Start importing Assets/Stylized Lava Materials/Lava01/T_Lava01_emissive.png using Guid(82e1f644fb8e5504393566f67abc8f19) Importer(815301076,1909f56bfc062723c751e8b465ee728b)  -> (artifact id: '1f0d176507e89c7c4cc45931c49d28f8') in 0.015655 seconds 
  Import took 0.019081 seconds .

========================================================================
Received Import Request.
  Time since last request: 0.000214 seconds.
  path: Assets/Stylized Lava Materials/Lava01/M_Lava01_Variant01.mat
  artifactKey: Guid(505fbbba9c5a99a4ba162ef4ee7c5736) Importer(815301076,1909f56bfc062723c751e8b465ee728b)
Start importing Assets/Stylized Lava Materials/Lava01/M_Lava01_Variant01.mat using Guid(505fbbba9c5a99a4ba162ef4ee7c5736) Importer(815301076,1909f56bfc062723c751e8b465ee728b)  -> (artifact id: '880d335b61b5995528e7ce5a004f99ef') in 0.260948 seconds 
  Import took 0.266655 seconds .

========================================================================
Received Import Request.
  Time since last request: 0.000215 seconds.
  path: Assets/Stylized Lava Materials/Lava01/T_Lava01_basecolor.png
  artifactKey: Guid(d11561a80694bd64f9b27f8577d16fbf) Importer(815301076,1909f56bfc062723c751e8b465ee728b)
Start importing Assets/Stylized Lava Materials/Lava01/T_Lava01_basecolor.png using Guid(d11561a80694bd64f9b27f8577d16fbf) Importer(815301076,1909f56bfc062723c751e8b465ee728b)  -> (artifact id: '26873d34be00bbbbb1e32f44fbb83af4') in 0.023439 seconds 
  Import took 0.026926 seconds .

========================================================================
Received Import Request.
  Time since last request: 0.000236 seconds.
  path: Assets/Stylized Lava Materials/Lava01/T_Lava01_height.png
  artifactKey: Guid(36c47b94cf58c1946b7412fa62d86076) Importer(815301076,1909f56bfc062723c751e8b465ee728b)
Start importing Assets/Stylized Lava Materials/Lava01/T_Lava01_height.png using Guid(36c47b94cf58c1946b7412fa62d86076) Importer(815301076,1909f56bfc062723c751e8b465ee728b)  -> (artifact id: '7370b059d89b4e22ae309c60c62eae74') in 0.017424 seconds 
  Import took 0.021977 seconds .

========================================================================
Received Import Request.
  Time since last request: 0.000397 seconds.
  path: Assets/Stylized Lava Materials/Lava01/T_Lava01_normal.png
  artifactKey: Guid(680e77cf49a6fae4dbb07ba51303bb6f) Importer(815301076,1909f56bfc062723c751e8b465ee728b)
Start importing Assets/Stylized Lava Materials/Lava01/T_Lava01_normal.png using Guid(680e77cf49a6fae4dbb07ba51303bb6f) Importer(815301076,1909f56bfc062723c751e8b465ee728b)  -> (artifact id: 'a4c50347454efa57a685e6e07d96079d') in 0.084494 seconds 
  Import took 0.088648 seconds .

========================================================================
Received Import Request.
  Time since last request: 125.360134 seconds.
  path: Packages/com.unity.2d.sprite/package.json
  artifactKey: Guid(7dc5f1e5d04ac8549ac21802071e983b) Importer(815301076,1909f56bfc062723c751e8b465ee728b)
Start importing Packages/com.unity.2d.sprite/package.json using Guid(7dc5f1e5d04ac8549ac21802071e983b) Importer(815301076,1909f56bfc062723c751e8b465ee728b)  -> (artifact id: 'ff87128bdf6981a9843158b29f26b2df') in 0.564830 seconds 
  Import took 0.573529 seconds .

========================================================================
Received Import Request.
  Time since last request: 7.712338 seconds.
  path: Assets/BayatGames/Free Platform Game Assets
  artifactKey: Guid(fca484a638c989e4d899378f52d7c168) Importer(815301076,1909f56bfc062723c751e8b465ee728b)
Start importing Assets/BayatGames/Free Platform Game Assets using Guid(fca484a638c989e4d899378f52d7c168) Importer(815301076,1909f56bfc062723c751e8b465ee728b)  -> (artifact id: '0120225e48bde8cac3b770120d18dc87') in 0.002607 seconds 
  Import took 0.009229 seconds .

========================================================================
Received Import Request.
  Time since last request: 1.142918 seconds.
  path: Assets/BayatGames/Free Platform Game Assets/Backgrounds
  artifactKey: Guid(4032d8f8d13c5954f956f116443aacff) Importer(815301076,1909f56bfc062723c751e8b465ee728b)
Start importing Assets/BayatGames/Free Platform Game Assets/Backgrounds using Guid(4032d8f8d13c5954f956f116443aacff) Importer(815301076,1909f56bfc062723c751e8b465ee728b)  -> (artifact id: 'ba74855f66ec91ad185e20ac2aa147e3') in 0.001745 seconds 
  Import took 0.008919 seconds .

========================================================================
Received Import Request.
  Time since last request: 0.961970 seconds.
  path: Assets/BayatGames/Free Platform Game Assets/Backgrounds/Background
  artifactKey: Guid(d1812e76ef309974dab10fcb8a0593ca) Importer(815301076,1909f56bfc062723c751e8b465ee728b)
Start importing Assets/BayatGames/Free Platform Game Assets/Backgrounds/Background using Guid(d1812e76ef309974dab10fcb8a0593ca) Importer(815301076,1909f56bfc062723c751e8b465ee728b)  -> (artifact id: '7be823cc23b893393bfd8020a685d94f') in 0.001479 seconds 
  Import took 0.008845 seconds .

========================================================================
Received Import Request.
  Time since last request: 1.883396 seconds.
  path: Assets/BayatGames/Free Platform Game Assets/Backgrounds/Background/ai
  artifactKey: Guid(2e0156124145c9b4c9dd5e0ac6bc7938) Importer(815301076,1909f56bfc062723c751e8b465ee728b)
Start importing Assets/BayatGames/Free Platform Game Assets/Backgrounds/Background/ai using Guid(2e0156124145c9b4c9dd5e0ac6bc7938) Importer(815301076,1909f56bfc062723c751e8b465ee728b)  -> (artifact id: '6fba27e1f8160b35c924c197fe389d79') in 0.002556 seconds 
  Import took 0.010700 seconds .

========================================================================
Received Import Request.
  Time since last request: 0.960486 seconds.
  path: Assets/BayatGames/Free Platform Game Assets/Backgrounds/Background/eps
  artifactKey: Guid(708097e1fefec4b4a93cafab82ede0d8) Importer(815301076,1909f56bfc062723c751e8b465ee728b)
Start importing Assets/BayatGames/Free Platform Game Assets/Backgrounds/Background/eps using Guid(708097e1fefec4b4a93cafab82ede0d8) Importer(815301076,1909f56bfc062723c751e8b465ee728b)  -> (artifact id: 'd4361495d4d46b2b3a8a530988fdbbc3') in 0.002808 seconds 
  Import took 0.010055 seconds .

========================================================================
Received Import Request.
  Time since last request: 5.403231 seconds.
  path: Assets/BayatGames/Free Platform Game Assets/Backgrounds/Background/png/1920x1080
  artifactKey: Guid(b9f215df0afd812498117de05656ec6e) Importer(815301076,1909f56bfc062723c751e8b465ee728b)
Start importing Assets/BayatGames/Free Platform Game Assets/Backgrounds/Background/png/1920x1080 using Guid(b9f215df0afd812498117de05656ec6e) Importer(815301076,1909f56bfc062723c751e8b465ee728b)  -> (artifact id: '2715c9238b185ef524e58f04c304b0da') in 0.001631 seconds 
  Import took 0.009485 seconds .

========================================================================
Received Import Request.
  Time since last request: 0.669609 seconds.
  path: Assets/BayatGames/Free Platform Game Assets/Backgrounds/Background/png/1920x1080/All
  artifactKey: Guid(019832eb105646f4e968c58ddd46f371) Importer(815301076,1909f56bfc062723c751e8b465ee728b)
Start importing Assets/BayatGames/Free Platform Game Assets/Backgrounds/Background/png/1920x1080/All using Guid(019832eb105646f4e968c58ddd46f371) Importer(815301076,1909f56bfc062723c751e8b465ee728b)  -> (artifact id: 'd2762cdbf4084cfc8ce6ed232fcae816') in 0.001259 seconds 
  Import took 0.007574 seconds .

========================================================================
Received Import Request.
  Time since last request: 2.828323 seconds.
  path: Assets/BayatGames/Free Platform Game Assets/Backgrounds/Background/png/1920x1080/Background
  artifactKey: Guid(9e33d8eab5601ba4e98e72e772e4d603) Importer(815301076,1909f56bfc062723c751e8b465ee728b)
Start importing Assets/BayatGames/Free Platform Game Assets/Backgrounds/Background/png/1920x1080/Background using Guid(9e33d8eab5601ba4e98e72e772e4d603) Importer(815301076,1909f56bfc062723c751e8b465ee728b)  -> (artifact id: 'c47a3eebd9b0aa3935d9c5d8e5cdb52e') in 0.003038 seconds 
  Import took 0.011250 seconds .

========================================================================
Received Import Request.
  Time since last request: 0.054330 seconds.
  path: Assets/BayatGames/Free Platform Game Assets/Backgrounds/Background/png/1920x1080/Background/Background.png
  artifactKey: Guid(a52c61e4d863eb24eb1a6cec742bd3ff) Importer(815301076,1909f56bfc062723c751e8b465ee728b)
Start importing Assets/BayatGames/Free Platform Game Assets/Backgrounds/Background/png/1920x1080/Background/Background.png using Guid(a52c61e4d863eb24eb1a6cec742bd3ff) Importer(815301076,1909f56bfc062723c751e8b465ee728b)  -> (artifact id: 'ee94a43253b340af8dc0a943a048a16c') in 0.028994 seconds 
  Import took 0.036077 seconds .

========================================================================
Received Import Request.
  Time since last request: 55.530533 seconds.
  path: Assets/BayatGames/Free Platform Game Assets/Tiles
  artifactKey: Guid(9967777a9fc49854c981eb9ebd1bb605) Importer(815301076,1909f56bfc062723c751e8b465ee728b)
Start importing Assets/BayatGames/Free Platform Game Assets/Tiles using Guid(9967777a9fc49854c981eb9ebd1bb605) Importer(815301076,1909f56bfc062723c751e8b465ee728b)  -> (artifact id: 'd51591b59ed37383e656f842f7eacd4b') in 0.001170 seconds 
  Import took 0.005207 seconds .

========================================================================
Received Import Request.
  Time since last request: 1.810264 seconds.
  path: Assets/BayatGames/Free Platform Game Assets/Tiles/2D Tiles ( Update 1.9 )
  artifactKey: Guid(f24df406af5b44d4b93237a1564ea376) Importer(815301076,1909f56bfc062723c751e8b465ee728b)
Start importing Assets/BayatGames/Free Platform Game Assets/Tiles/2D Tiles ( Update 1.9 ) using Guid(f24df406af5b44d4b93237a1564ea376) Importer(815301076,1909f56bfc062723c751e8b465ee728b)  -> (artifact id: 'e113bf47887ab25c06b455398842c050') in 0.001584 seconds 
  Import took 0.010130 seconds .

========================================================================
Received Import Request.
  Time since last request: 3.410410 seconds.
  path: Assets/BayatGames/Free Platform Game Assets/Tiles/2.5D Tiles/Autumn ( Update 1.9 )
  artifactKey: Guid(e34e37d897c3f1845a8950e676c5f3d9) Importer(815301076,1909f56bfc062723c751e8b465ee728b)
Start importing Assets/BayatGames/Free Platform Game Assets/Tiles/2.5D Tiles/Autumn ( Update 1.9 ) using Guid(e34e37d897c3f1845a8950e676c5f3d9) Importer(815301076,1909f56bfc062723c751e8b465ee728b)  -> (artifact id: '92a0d3b9b36fc5cc5c03fa29f58c5be3') in 0.003057 seconds 
  Import took 0.010981 seconds .

========================================================================
Received Import Request.
  Time since last request: 0.630876 seconds.
  path: Assets/BayatGames/Free Platform Game Assets/Tiles/2.5D Tiles/Autumn ( Update 1.9 )/128x128
  artifactKey: Guid(9731f9baceb46a84095e69e8a95016d7) Importer(815301076,1909f56bfc062723c751e8b465ee728b)
Start importing Assets/BayatGames/Free Platform Game Assets/Tiles/2.5D Tiles/Autumn ( Update 1.9 )/128x128 using Guid(9731f9baceb46a84095e69e8a95016d7) Importer(815301076,1909f56bfc062723c751e8b465ee728b)  -> (artifact id: 'd17bd8dedbaf5f41fd0d9835b98ab662') in 0.001095 seconds 
  Import took 0.005046 seconds .

========================================================================
Received Import Request.
  Time since last request: 1.212886 seconds.
  path: Assets/BayatGames/Free Platform Game Assets/Tiles/2.5D Tiles/Autumn ( Update 1.9 )/128x128/Grass.png
  artifactKey: Guid(75d5b927876d272458c64791858859b8) Importer(815301076,1909f56bfc062723c751e8b465ee728b)
Start importing Assets/BayatGames/Free Platform Game Assets/Tiles/2.5D Tiles/Autumn ( Update 1.9 )/128x128/Grass.png using Guid(75d5b927876d272458c64791858859b8) Importer(815301076,1909f56bfc062723c751e8b465ee728b)  -> (artifact id: '48c18e7667b50d798acddf7c0c509ac7') in 0.012144 seconds 
  Import took 0.015927 seconds .

========================================================================
Received Import Request.
  Time since last request: 0.000221 seconds.
  path: Assets/BayatGames/Free Platform Game Assets/Tiles/2.5D Tiles/Autumn ( Update 1.9 )/128x128/GrassCliffRight.png
  artifactKey: Guid(b26bf0e48adcc094fa9647a0304c7c71) Importer(815301076,1909f56bfc062723c751e8b465ee728b)
Start importing Assets/BayatGames/Free Platform Game Assets/Tiles/2.5D Tiles/Autumn ( Update 1.9 )/128x128/GrassCliffRight.png using Guid(b26bf0e48adcc094fa9647a0304c7c71) Importer(815301076,1909f56bfc062723c751e8b465ee728b)  -> (artifact id: '3490a4fac08ceb000a5b5b403d6014e5') in 0.021778 seconds 
  Import took 0.024757 seconds .

========================================================================
Received Import Request.
  Time since last request: 0.000274 seconds.
  path: Assets/BayatGames/Free Platform Game Assets/Tiles/2.5D Tiles/Autumn ( Update 1.9 )/128x128/GrassJoinHillLeft.png
  artifactKey: Guid(cb9fc43dea989eb4d851471841e2ae1c) Importer(815301076,1909f56bfc062723c751e8b465ee728b)
Start importing Assets/BayatGames/Free Platform Game Assets/Tiles/2.5D Tiles/Autumn ( Update 1.9 )/128x128/GrassJoinHillLeft.png using Guid(cb9fc43dea989eb4d851471841e2ae1c) Importer(815301076,1909f56bfc062723c751e8b465ee728b)  -> (artifact id: '1ae8708f91a6e16f64fecc1d70680edf') in 0.014089 seconds 
  Import took 0.017649 seconds .

========================================================================
Received Import Request.
  Time since last request: 0.000353 seconds.
  path: Assets/BayatGames/Free Platform Game Assets/Tiles/2.5D Tiles/Autumn ( Update 1.9 )/128x128/GrassCliffLeft.png
  artifactKey: Guid(9c1faccaee2c19e49833d708e106c238) Importer(815301076,1909f56bfc062723c751e8b465ee728b)
Start importing Assets/BayatGames/Free Platform Game Assets/Tiles/2.5D Tiles/Autumn ( Update 1.9 )/128x128/GrassCliffLeft.png using Guid(9c1faccaee2c19e49833d708e106c238) Importer(815301076,1909f56bfc062723c751e8b465ee728b)  -> (artifact id: '0be19729bd5758d779bf03412cc6e164') in 0.009143 seconds 
  Import took 0.013061 seconds .

========================================================================
Received Import Request.
  Time since last request: 0.000202 seconds.
  path: Assets/BayatGames/Free Platform Game Assets/Tiles/2.5D Tiles/Autumn ( Update 1.9 )/128x128/HillLeft2.png
  artifactKey: Guid(e03abad0b6bc3264a810150e26c835b0) Importer(815301076,1909f56bfc062723c751e8b465ee728b)
Start importing Assets/BayatGames/Free Platform Game Assets/Tiles/2.5D Tiles/Autumn ( Update 1.9 )/128x128/HillLeft2.png using Guid(e03abad0b6bc3264a810150e26c835b0) Importer(815301076,1909f56bfc062723c751e8b465ee728b)  -> (artifact id: 'e909c9bf3723f2617b86eb6f4f2b1577') in 0.014855 seconds 
  Import took 0.017732 seconds .

========================================================================
Received Import Request.
  Time since last request: 0.000238 seconds.
  path: Assets/BayatGames/Free Platform Game Assets/Tiles/2.5D Tiles/Autumn ( Update 1.9 )/128x128/GrassLeft.png
  artifactKey: Guid(355ea20c28e2f8140b21fdb8ee93aa23) Importer(815301076,1909f56bfc062723c751e8b465ee728b)
Start importing Assets/BayatGames/Free Platform Game Assets/Tiles/2.5D Tiles/Autumn ( Update 1.9 )/128x128/GrassLeft.png using Guid(355ea20c28e2f8140b21fdb8ee93aa23) Importer(815301076,1909f56bfc062723c751e8b465ee728b)  -> (artifact id: 'd9aaf778f720ec4612972fdc75e08e76') in 0.029216 seconds 
  Import took 0.032276 seconds .

========================================================================
Received Import Request.
  Time since last request: 0.000267 seconds.
  path: Assets/BayatGames/Free Platform Game Assets/Tiles/2.5D Tiles/Autumn ( Update 1.9 )/128x128/GrassJoinHillLeft2 WithDropShadow.png
  artifactKey: Guid(4b940381d8552924582425258ad83f2c) Importer(815301076,1909f56bfc062723c751e8b465ee728b)
Start importing Assets/BayatGames/Free Platform Game Assets/Tiles/2.5D Tiles/Autumn ( Update 1.9 )/128x128/GrassJoinHillLeft2 WithDropShadow.png using Guid(4b940381d8552924582425258ad83f2c) Importer(815301076,1909f56bfc062723c751e8b465ee728b)  -> (artifact id: '95f18af107c72f01ceb56802bbe53226') in 0.020890 seconds 
  Import took 0.023945 seconds .

========================================================================
Received Import Request.
  Time since last request: 0.000265 seconds.
  path: Assets/BayatGames/Free Platform Game Assets/Tiles/2.5D Tiles/Autumn ( Update 1.9 )/128x128/GrassRight.png
  artifactKey: Guid(b873e9e66b53ec64292cdafb535bcdf8) Importer(815301076,1909f56bfc062723c751e8b465ee728b)
Start importing Assets/BayatGames/Free Platform Game Assets/Tiles/2.5D Tiles/Autumn ( Update 1.9 )/128x128/GrassRight.png using Guid(b873e9e66b53ec64292cdafb535bcdf8) Importer(815301076,1909f56bfc062723c751e8b465ee728b)  -> (artifact id: '5dc1c9fbe87a942da0af6b0fb97ad120') in 0.021838 seconds 
  Import took 0.026576 seconds .

========================================================================
Received Import Request.
  Time since last request: 0.000213 seconds.
  path: Assets/BayatGames/Free Platform Game Assets/Tiles/2.5D Tiles/Autumn ( Update 1.9 )/128x128/HillLeft.png
  artifactKey: Guid(1146804175835db4bbbd3bc0cb471dd4) Importer(815301076,1909f56bfc062723c751e8b465ee728b)
Start importing Assets/BayatGames/Free Platform Game Assets/Tiles/2.5D Tiles/Autumn ( Update 1.9 )/128x128/HillLeft.png using Guid(1146804175835db4bbbd3bc0cb471dd4) Importer(815301076,1909f56bfc062723c751e8b465ee728b)  -> (artifact id: '318a557a828fee388219b9036ff5b6a4') in 0.009279 seconds 
  Import took 0.012654 seconds .

========================================================================
Received Import Request.
  Time since last request: 0.000222 seconds.
  path: Assets/BayatGames/Free Platform Game Assets/Tiles/2.5D Tiles/Autumn ( Update 1.9 )/128x128/GrassJoinHillLeft2.png
  artifactKey: Guid(c5032b7340d3c4f41af206f2793ffdb9) Importer(815301076,1909f56bfc062723c751e8b465ee728b)
Start importing Assets/BayatGames/Free Platform Game Assets/Tiles/2.5D Tiles/Autumn ( Update 1.9 )/128x128/GrassJoinHillLeft2.png using Guid(c5032b7340d3c4f41af206f2793ffdb9) Importer(815301076,1909f56bfc062723c751e8b465ee728b)  -> (artifact id: 'b5365e6b45e98cb736684a16620e60cc') in 0.008325 seconds 
  Import took 0.011244 seconds .

========================================================================
Received Import Request.
  Time since last request: 0.000186 seconds.
  path: Assets/BayatGames/Free Platform Game Assets/Tiles/2.5D Tiles/Autumn ( Update 1.9 )/128x128/GrassJoinHillRight2.png
  artifactKey: Guid(0e0afb9416cf39147b3b6dca0c7328a1) Importer(815301076,1909f56bfc062723c751e8b465ee728b)
Start importing Assets/BayatGames/Free Platform Game Assets/Tiles/2.5D Tiles/Autumn ( Update 1.9 )/128x128/GrassJoinHillRight2.png using Guid(0e0afb9416cf39147b3b6dca0c7328a1) Importer(815301076,1909f56bfc062723c751e8b465ee728b)  -> (artifact id: '8f89accefe196d6db72e9ef46904250b') in 0.012667 seconds 
  Import took 0.015611 seconds .

========================================================================
Received Import Request.
  Time since last request: 0.000177 seconds.
  path: Assets/BayatGames/Free Platform Game Assets/Tiles/2.5D Tiles/Autumn ( Update 1.9 )/128x128/GrassMid.png
  artifactKey: Guid(f349720cfda3bc44ebde95ec4c681613) Importer(815301076,1909f56bfc062723c751e8b465ee728b)
Start importing Assets/BayatGames/Free Platform Game Assets/Tiles/2.5D Tiles/Autumn ( Update 1.9 )/128x128/GrassMid.png using Guid(f349720cfda3bc44ebde95ec4c681613) Importer(815301076,1909f56bfc062723c751e8b465ee728b)  -> (artifact id: '96a97844e99028f68c17a62b3998a2ff') in 0.024073 seconds 
  Import took 0.027010 seconds .

========================================================================
Received Import Request.
  Time since last request: 0.000229 seconds.
  path: Assets/BayatGames/Free Platform Game Assets/Tiles/2.5D Tiles/Autumn ( Update 1.9 )/128x128/HillRight2.png
  artifactKey: Guid(5ee10494f75313543a16835b9b3bf37c) Importer(815301076,1909f56bfc062723c751e8b465ee728b)
Start importing Assets/BayatGames/Free Platform Game Assets/Tiles/2.5D Tiles/Autumn ( Update 1.9 )/128x128/HillRight2.png using Guid(5ee10494f75313543a16835b9b3bf37c) Importer(815301076,1909f56bfc062723c751e8b465ee728b)  -> (artifact id: '8fcc327f5c0fa0e7bb47ff90d2a24f46') in 0.023811 seconds 
  Import took 0.027240 seconds .

========================================================================
Received Import Request.
  Time since last request: 0.000264 seconds.
  path: Assets/BayatGames/Free Platform Game Assets/Tiles/2.5D Tiles/Autumn ( Update 1.9 )/128x128/HillRight2 WithDropShadow.png
  artifactKey: Guid(7aec162d72801bd43bfbbf9e9c5b4d6f) Importer(815301076,1909f56bfc062723c751e8b465ee728b)
Start importing Assets/BayatGames/Free Platform Game Assets/Tiles/2.5D Tiles/Autumn ( Update 1.9 )/128x128/HillRight2 WithDropShadow.png using Guid(7aec162d72801bd43bfbbf9e9c5b4d6f) Importer(815301076,1909f56bfc062723c751e8b465ee728b)  -> (artifact id: 'fcc8cf4cf5fa9b56bf80794cc499d3a8') in 0.020713 seconds 
  Import took 0.025207 seconds .

========================================================================
Received Import Request.
  Time since last request: 0.000302 seconds.
  path: Assets/BayatGames/Free Platform Game Assets/Tiles/2.5D Tiles/Autumn ( Update 1.9 )/128x128/GrassJoinHillRight2&Left2.png
  artifactKey: Guid(86f877676106de24d83abea31d0ea644) Importer(815301076,1909f56bfc062723c751e8b465ee728b)
Start importing Assets/BayatGames/Free Platform Game Assets/Tiles/2.5D Tiles/Autumn ( Update 1.9 )/128x128/GrassJoinHillRight2&Left2.png using Guid(86f877676106de24d83abea31d0ea644) Importer(815301076,1909f56bfc062723c751e8b465ee728b)  -> (artifact id: 'e4e32b57604523180a27ad089c6dc00f') in 0.008941 seconds 
  Import took 0.012368 seconds .

========================================================================
Received Import Request.
  Time since last request: 0.000227 seconds.
  path: Assets/BayatGames/Free Platform Game Assets/Tiles/2.5D Tiles/Autumn ( Update 1.9 )/128x128/GrassJoinHillRight.png
  artifactKey: Guid(2ed1eaa5b54b92a4aaf65355018819b8) Importer(815301076,1909f56bfc062723c751e8b465ee728b)
Start importing Assets/BayatGames/Free Platform Game Assets/Tiles/2.5D Tiles/Autumn ( Update 1.9 )/128x128/GrassJoinHillRight.png using Guid(2ed1eaa5b54b92a4aaf65355018819b8) Importer(815301076,1909f56bfc062723c751e8b465ee728b)  -> (artifact id: '97e403bab15979799c60ed323b08865e') in 0.014533 seconds 
  Import took 0.017503 seconds .

========================================================================
Received Import Request.
  Time since last request: 0.000236 seconds.
  path: Assets/BayatGames/Free Platform Game Assets/Tiles/2.5D Tiles/Autumn ( Update 1.9 )/128x128/HillLeft2 WithDropShadow.png
  artifactKey: Guid(587dafbdcf74e8b42a10aca0851710cf) Importer(815301076,1909f56bfc062723c751e8b465ee728b)
Start importing Assets/BayatGames/Free Platform Game Assets/Tiles/2.5D Tiles/Autumn ( Update 1.9 )/128x128/HillLeft2 WithDropShadow.png using Guid(587dafbdcf74e8b42a10aca0851710cf) Importer(815301076,1909f56bfc062723c751e8b465ee728b)  -> (artifact id: 'b1b13d43a22393788b30828e6869cd1c') in 0.037821 seconds 
  Import took 0.041460 seconds .

========================================================================
Received Import Request.
  Time since last request: 0.000202 seconds.
  path: Assets/BayatGames/Free Platform Game Assets/Tiles/2.5D Tiles/Autumn ( Update 1.9 )/128x128/GrassCliffMid.png
  artifactKey: Guid(7b79f7d249f2d2f45b408eb3a36f88d4) Importer(815301076,1909f56bfc062723c751e8b465ee728b)
Start importing Assets/BayatGames/Free Platform Game Assets/Tiles/2.5D Tiles/Autumn ( Update 1.9 )/128x128/GrassCliffMid.png using Guid(7b79f7d249f2d2f45b408eb3a36f88d4) Importer(815301076,1909f56bfc062723c751e8b465ee728b)  -> (artifact id: 'ae457905587f012b932cc3a22fc1f9da') in 0.019759 seconds 
  Import took 0.023546 seconds .

========================================================================
Received Import Request.
  Time since last request: 0.000243 seconds.
  path: Assets/BayatGames/Free Platform Game Assets/Tiles/2.5D Tiles/Autumn ( Update 1.9 )/128x128/GrassJoinHillLeft2&Right2 WithDropShadow.png
  artifactKey: Guid(c38a55e936dce2c4b8defab634fb0779) Importer(815301076,1909f56bfc062723c751e8b465ee728b)
Start importing Assets/BayatGames/Free Platform Game Assets/Tiles/2.5D Tiles/Autumn ( Update 1.9 )/128x128/GrassJoinHillLeft2&Right2 WithDropShadow.png using Guid(c38a55e936dce2c4b8defab634fb0779) Importer(815301076,1909f56bfc062723c751e8b465ee728b)  -> (artifact id: '76c8f204e81ce034f8cb187cd87d60c0') in 0.019426 seconds 
  Import took 0.022535 seconds .

========================================================================
Received Import Request.
  Time since last request: 0.000237 seconds.
  path: Assets/BayatGames/Free Platform Game Assets/Tiles/2.5D Tiles/Autumn ( Update 1.9 )/128x128/GrassJoinHillLeft&Right.png
  artifactKey: Guid(041a264042118224996c09d1f7dfb2a5) Importer(815301076,1909f56bfc062723c751e8b465ee728b)
Start importing Assets/BayatGames/Free Platform Game Assets/Tiles/2.5D Tiles/Autumn ( Update 1.9 )/128x128/GrassJoinHillLeft&Right.png using Guid(041a264042118224996c09d1f7dfb2a5) Importer(815301076,1909f56bfc062723c751e8b465ee728b)  -> (artifact id: '362f1f2b9afb442d09553c27bcf1702b') in 0.008234 seconds 
  Import took 0.011126 seconds .

========================================================================
Received Import Request.
  Time since last request: 0.000237 seconds.
  path: Assets/BayatGames/Free Platform Game Assets/Tiles/2.5D Tiles/Autumn ( Update 1.9 )/128x128/HillRight.png
  artifactKey: Guid(87cf39afd23202f4d9a176571e3d621c) Importer(815301076,1909f56bfc062723c751e8b465ee728b)
Start importing Assets/BayatGames/Free Platform Game Assets/Tiles/2.5D Tiles/Autumn ( Update 1.9 )/128x128/HillRight.png using Guid(87cf39afd23202f4d9a176571e3d621c) Importer(815301076,1909f56bfc062723c751e8b465ee728b)  -> (artifact id: 'a4f617b320f8f1f9da89b28fa1bbbb5e') in 0.011970 seconds 
  Import took 0.015007 seconds .

========================================================================
Received Import Request.
  Time since last request: 0.000198 seconds.
  path: Assets/BayatGames/Free Platform Game Assets/Tiles/2.5D Tiles/Autumn ( Update 1.9 )/128x128/GrassJoinHillRight WithDropShadow.png
  artifactKey: Guid(fb585f74e843a8c499adae8759839591) Importer(815301076,1909f56bfc062723c751e8b465ee728b)
Start importing Assets/BayatGames/Free Platform Game Assets/Tiles/2.5D Tiles/Autumn ( Update 1.9 )/128x128/GrassJoinHillRight WithDropShadow.png using Guid(fb585f74e843a8c499adae8759839591) Importer(815301076,1909f56bfc062723c751e8b465ee728b)  -> (artifact id: '3120d4d4e994bb1b23b16cdd76451949') in 0.028430 seconds 
  Import took 0.032127 seconds .

========================================================================
Received Import Request.
  Time since last request: 182.750533 seconds.
  path: Assets/LowlyPoly/Free Stylized Textures
  artifactKey: Guid(07a6929d3e5614146a7abb90c8f103f3) Importer(815301076,1909f56bfc062723c751e8b465ee728b)
Start importing Assets/LowlyPoly/Free Stylized Textures using Guid(07a6929d3e5614146a7abb90c8f103f3) Importer(815301076,1909f56bfc062723c751e8b465ee728b)  -> (artifact id: 'e767e2413965ccd1a09aabfd54d1253f') in 0.001372 seconds 
  Import took 0.009906 seconds .

========================================================================
Received Import Request.
  Time since last request: 3.321315 seconds.
  path: Assets/DinV/Dynamic Space Background
  artifactKey: Guid(cfbbfb20b2395ec48ba47f1f035266d3) Importer(815301076,1909f56bfc062723c751e8b465ee728b)
Start importing Assets/DinV/Dynamic Space Background using Guid(cfbbfb20b2395ec48ba47f1f035266d3) Importer(815301076,1909f56bfc062723c751e8b465ee728b)  -> (artifact id: '30ea7c177712ae3d6fae74d989c6de67') in 0.001854 seconds 
  Import took 0.009079 seconds .

========================================================================
Received Import Request.
  Time since last request: 0.958981 seconds.
  path: Assets/DinV/Dynamic Space Background/Sprites
  artifactKey: Guid(3ec1885b01800f2418a75597e3cc12b1) Importer(815301076,1909f56bfc062723c751e8b465ee728b)
Start importing Assets/DinV/Dynamic Space Background/Sprites using Guid(3ec1885b01800f2418a75597e3cc12b1) Importer(815301076,1909f56bfc062723c751e8b465ee728b)  -> (artifact id: 'bb09a9870e5d566b13da4b159d0e5c9d') in 0.002082 seconds 
  Import took 0.009437 seconds .

========================================================================
Received Import Request.
  Time since last request: 0.076860 seconds.
  path: Assets/DinV/Dynamic Space Background/Sprites/Nebula Aqua-Pink.png
  artifactKey: Guid(d9b31ebd60af68c469212c1a9f513e74) Importer(815301076,1909f56bfc062723c751e8b465ee728b)
Start importing Assets/DinV/Dynamic Space Background/Sprites/Nebula Aqua-Pink.png using Guid(d9b31ebd60af68c469212c1a9f513e74) Importer(815301076,1909f56bfc062723c751e8b465ee728b)  -> (artifact id: '07c0f10be247aad38d68258dbe9fd966') in 0.031579 seconds 
  Import took 0.036908 seconds .

========================================================================
Received Import Request.
  Time since last request: 0.000255 seconds.
  path: Assets/DinV/Dynamic Space Background/Sprites/Nebula Blue.png
  artifactKey: Guid(ddcac1fac1f5c8943a30c2ef6b724062) Importer(815301076,1909f56bfc062723c751e8b465ee728b)
Start importing Assets/DinV/Dynamic Space Background/Sprites/Nebula Blue.png using Guid(ddcac1fac1f5c8943a30c2ef6b724062) Importer(815301076,1909f56bfc062723c751e8b465ee728b)  -> (artifact id: 'acb8cc8e1b8c34795adfaa1c42a90674') in 0.041037 seconds 
  Import took 0.047119 seconds .

========================================================================
Received Import Request.
  Time since last request: 0.000269 seconds.
  path: Assets/DinV/Dynamic Space Background/Sprites/Stars-Big_1.png
  artifactKey: Guid(c6944f9f15bd0ca4087bcdf033f0e162) Importer(815301076,1909f56bfc062723c751e8b465ee728b)
Start importing Assets/DinV/Dynamic Space Background/Sprites/Stars-Big_1.png using Guid(c6944f9f15bd0ca4087bcdf033f0e162) Importer(815301076,1909f56bfc062723c751e8b465ee728b)  -> (artifact id: '38e58fc5e47075177de4acd83c364ebd') in 0.042180 seconds 
  Import took 0.047471 seconds .

========================================================================
Received Import Request.
  Time since last request: 0.000427 seconds.
  path: Assets/DinV/Dynamic Space Background/Sprites/Nebula Red.png
  artifactKey: Guid(35313af049b4a2f42a0325330c51d74a) Importer(815301076,1909f56bfc062723c751e8b465ee728b)
Start importing Assets/DinV/Dynamic Space Background/Sprites/Nebula Red.png using Guid(35313af049b4a2f42a0325330c51d74a) Importer(815301076,1909f56bfc062723c751e8b465ee728b)  -> (artifact id: 'a8d2ebfe9a783a8192a75ef37d968db8') in 0.067341 seconds 
  Import took 0.078364 seconds .

========================================================================
Received Import Request.
  Time since last request: 0.000265 seconds.
  path: Assets/DinV/Dynamic Space Background/Sprites/Stars Small_1.png
  artifactKey: Guid(efe6ce32a6a4408489775c70e5d32f11) Importer(815301076,1909f56bfc062723c751e8b465ee728b)
Start importing Assets/DinV/Dynamic Space Background/Sprites/Stars Small_1.png using Guid(efe6ce32a6a4408489775c70e5d32f11) Importer(815301076,1909f56bfc062723c751e8b465ee728b)  -> (artifact id: '7834661fa2966073c76a0129145a5507') in 0.040588 seconds 
  Import took 0.049373 seconds .

========================================================================
Received Import Request.
  Time since last request: 23.123917 seconds.
  path: Assets/Brackeys/2D Mega Pack/-- Example Photos --
  artifactKey: Guid(f7d7abb4a000bc947a5d02dbbac1b36f) Importer(815301076,1909f56bfc062723c751e8b465ee728b)
Start importing Assets/Brackeys/2D Mega Pack/-- Example Photos -- using Guid(f7d7abb4a000bc947a5d02dbbac1b36f) Importer(815301076,1909f56bfc062723c751e8b465ee728b)  -> (artifact id: 'cb3ca52267bb964180cbac06193bb13e') in 0.001201 seconds 
  Import took 0.005507 seconds .

========================================================================
Received Import Request.
  Time since last request: 0.401546 seconds.
  path: Assets/Brackeys/2D Mega Pack/Backgrounds
  artifactKey: Guid(32a6e3a01c461144e9231f98f40d26e1) Importer(815301076,1909f56bfc062723c751e8b465ee728b)
Start importing Assets/Brackeys/2D Mega Pack/Backgrounds using Guid(32a6e3a01c461144e9231f98f40d26e1) Importer(815301076,1909f56bfc062723c751e8b465ee728b)  -> (artifact id: 'e5ba6b3d5edc39f250ff43bb95e54dbe') in 0.001401 seconds 
  Import took 0.005969 seconds .

========================================================================
Received Import Request.
  Time since last request: 0.461699 seconds.
  path: Assets/Brackeys/2D Mega Pack/Characters
  artifactKey: Guid(d9b6c188ea84ee5449f418bc1623dfa4) Importer(815301076,1909f56bfc062723c751e8b465ee728b)
Start importing Assets/Brackeys/2D Mega Pack/Characters using Guid(d9b6c188ea84ee5449f418bc1623dfa4) Importer(815301076,1909f56bfc062723c751e8b465ee728b)  -> (artifact id: '92276604c5004bfe4fc8483ecd00aac7') in 0.001316 seconds 
  Import took 0.005494 seconds .

========================================================================
Received Import Request.
  Time since last request: 0.574960 seconds.
  path: Assets/Brackeys/2D Mega Pack/Effects
  artifactKey: Guid(b0f3f6709c849c849a4397d379fd81d4) Importer(815301076,1909f56bfc062723c751e8b465ee728b)
Start importing Assets/Brackeys/2D Mega Pack/Effects using Guid(b0f3f6709c849c849a4397d379fd81d4) Importer(815301076,1909f56bfc062723c751e8b465ee728b)  -> (artifact id: 'ea4c9d5f83b7d72fbdbf25efb2555835') in 0.001226 seconds 
  Import took 0.004955 seconds .

========================================================================
Received Import Request.
  Time since last request: 0.410536 seconds.
  path: Assets/Brackeys/2D Mega Pack/Enemies
  artifactKey: Guid(92f04314ab1e01a4fae4487a854693e2) Importer(815301076,1909f56bfc062723c751e8b465ee728b)
Start importing Assets/Brackeys/2D Mega Pack/Enemies using Guid(92f04314ab1e01a4fae4487a854693e2) Importer(815301076,1909f56bfc062723c751e8b465ee728b)  -> (artifact id: '904cee3c1c8881eeb393b4b4767a5fc0') in 0.001128 seconds 
  Import took 0.005358 seconds .

========================================================================
Received Import Request.
  Time since last request: 0.407108 seconds.
  path: Assets/Brackeys/2D Mega Pack/Food & Plants
  artifactKey: Guid(44516c448b75181499979d1cb0ca4429) Importer(815301076,1909f56bfc062723c751e8b465ee728b)
Start importing Assets/Brackeys/2D Mega Pack/Food & Plants using Guid(44516c448b75181499979d1cb0ca4429) Importer(815301076,1909f56bfc062723c751e8b465ee728b)  -> (artifact id: 'cf2cd277aad6851bb43a6fb8009fef91') in 0.001121 seconds 
  Import took 0.005387 seconds .

========================================================================
Received Import Request.
  Time since last request: 0.746836 seconds.
  path: Assets/Brackeys/2D Mega Pack/Sounds
  artifactKey: Guid(9b2a41508a41b18458cac2ac00503323) Importer(815301076,1909f56bfc062723c751e8b465ee728b)
Start importing Assets/Brackeys/2D Mega Pack/Sounds using Guid(9b2a41508a41b18458cac2ac00503323) Importer(815301076,1909f56bfc062723c751e8b465ee728b)  -> (artifact id: '865e1dcd144a0d6bc27c5dfac3c0caf5') in 0.002318 seconds 
  Import took 0.010623 seconds .

========================================================================
Received Import Request.
  Time since last request: 0.384707 seconds.
  path: Assets/Brackeys/2D Mega Pack/Shapes
  artifactKey: Guid(5aa468bcd40eb9d4391c1e9f62114c5f) Importer(815301076,1909f56bfc062723c751e8b465ee728b)
Start importing Assets/Brackeys/2D Mega Pack/Shapes using Guid(5aa468bcd40eb9d4391c1e9f62114c5f) Importer(815301076,1909f56bfc062723c751e8b465ee728b)  -> (artifact id: 'f63529a192a7a0a263c8fae563c970b9') in 0.001126 seconds 
  Import took 0.005117 seconds .

========================================================================
Received Import Request.
  Time since last request: 3.195882 seconds.
  path: Assets/Brackeys/2D Mega Pack/Backgrounds/ArcadeGreyBackground.png
  artifactKey: Guid(730c911464148054487bb3efd7ef0d07) Importer(815301076,1909f56bfc062723c751e8b465ee728b)
Start importing Assets/Brackeys/2D Mega Pack/Backgrounds/ArcadeGreyBackground.png using Guid(730c911464148054487bb3efd7ef0d07) Importer(815301076,1909f56bfc062723c751e8b465ee728b)  -> (artifact id: '3aac0d44f63d6e2789db880174ea5e7a') in 0.010022 seconds 
  Import took 0.014411 seconds .

========================================================================
Received Import Request.
  Time since last request: 0.000227 seconds.
  path: Assets/Brackeys/2D Mega Pack/Backgrounds/DarkBackground.png
  artifactKey: Guid(50d72038d4682bd408a711176db21098) Importer(815301076,1909f56bfc062723c751e8b465ee728b)
Start importing Assets/Brackeys/2D Mega Pack/Backgrounds/DarkBackground.png using Guid(50d72038d4682bd408a711176db21098) Importer(815301076,1909f56bfc062723c751e8b465ee728b)  -> (artifact id: '1c63613c6aaa43428636e6c87423c7d9') in 0.028094 seconds 
  Import took 0.033360 seconds .

========================================================================
Received Import Request.
  Time since last request: 0.000276 seconds.
  path: Assets/Brackeys/2D Mega Pack/Backgrounds/SkyBackground.png
  artifactKey: Guid(bb7547187a9980a4694d9a520186d028) Importer(815301076,1909f56bfc062723c751e8b465ee728b)
Start importing Assets/Brackeys/2D Mega Pack/Backgrounds/SkyBackground.png using Guid(bb7547187a9980a4694d9a520186d028) Importer(815301076,1909f56bfc062723c751e8b465ee728b)  -> (artifact id: '17af4738232b87a72f33acd1713bd46b') in 0.011053 seconds 
  Import took 0.014422 seconds .

========================================================================
Received Import Request.
  Time since last request: 0.000262 seconds.
  path: Assets/Brackeys/2D Mega Pack/Backgrounds/BlueBackground.png
  artifactKey: Guid(10ebe7a8e14363545946d5a92ac0bcb0) Importer(815301076,1909f56bfc062723c751e8b465ee728b)
Start importing Assets/Brackeys/2D Mega Pack/Backgrounds/BlueBackground.png using Guid(10ebe7a8e14363545946d5a92ac0bcb0) Importer(815301076,1909f56bfc062723c751e8b465ee728b)  -> (artifact id: '3ab34960bea22b73503975e07c989ba1') in 0.025254 seconds 
  Import took 0.028306 seconds .

========================================================================
Received Import Request.
  Time since last request: 0.000225 seconds.
  path: Assets/Brackeys/2D Mega Pack/Backgrounds/FieldBackground.png
  artifactKey: Guid(816d352463058f7488a74e1e59af50f1) Importer(815301076,1909f56bfc062723c751e8b465ee728b)
Start importing Assets/Brackeys/2D Mega Pack/Backgrounds/FieldBackground.png using Guid(816d352463058f7488a74e1e59af50f1) Importer(815301076,1909f56bfc062723c751e8b465ee728b)  -> (artifact id: 'd54a8f592528448639712ed41930bee4') in 0.008051 seconds 
  Import took 0.011685 seconds .

========================================================================
Received Import Request.
  Time since last request: 0.000229 seconds.
  path: Assets/Brackeys/2D Mega Pack/Backgrounds/GreenBackground.png
  artifactKey: Guid(79dfa877bf28eca4e9f85bd1cadf6202) Importer(815301076,1909f56bfc062723c751e8b465ee728b)
Start importing Assets/Brackeys/2D Mega Pack/Backgrounds/GreenBackground.png using Guid(79dfa877bf28eca4e9f85bd1cadf6202) Importer(815301076,1909f56bfc062723c751e8b465ee728b)  -> (artifact id: '9d16617db4c189ab9b27009ea76b418c') in 0.010575 seconds 
  Import took 0.013806 seconds .

========================================================================
Received Import Request.
  Time since last request: 0.000196 seconds.
  path: Assets/Brackeys/2D Mega Pack/Backgrounds/BrickBackground.png
  artifactKey: Guid(fdfb3796a96b09f45b7ed20555d95926) Importer(815301076,1909f56bfc062723c751e8b465ee728b)
Start importing Assets/Brackeys/2D Mega Pack/Backgrounds/BrickBackground.png using Guid(fdfb3796a96b09f45b7ed20555d95926) Importer(815301076,1909f56bfc062723c751e8b465ee728b)  -> (artifact id: 'fd289c97bc74e0aae8c65a641c84c15e') in 0.009322 seconds 
  Import took 0.012581 seconds .

========================================================================
Received Import Request.
  Time since last request: 0.000223 seconds.
  path: Assets/Brackeys/2D Mega Pack/Backgrounds/DustyBackground.png
  artifactKey: Guid(921dcff1d0da9eb409b4b461084190e2) Importer(815301076,1909f56bfc062723c751e8b465ee728b)
Start importing Assets/Brackeys/2D Mega Pack/Backgrounds/DustyBackground.png using Guid(921dcff1d0da9eb409b4b461084190e2) Importer(815301076,1909f56bfc062723c751e8b465ee728b)  -> (artifact id: 'df6b9d8c701411022982749c29bdb521') in 0.010369 seconds 
  Import took 0.019721 seconds .

========================================================================
Received Import Request.
  Time since last request: 2.678170 seconds.
  path: Assets/Brackeys/2D Mega Pack/Characters/ArcadePlayer.png
  artifactKey: Guid(b4c6e7d0285655f4a9db7355ab7ea678) Importer(815301076,1909f56bfc062723c751e8b465ee728b)
Start importing Assets/Brackeys/2D Mega Pack/Characters/ArcadePlayer.png using Guid(b4c6e7d0285655f4a9db7355ab7ea678) Importer(815301076,1909f56bfc062723c751e8b465ee728b)  -> (artifact id: 'a5f1c34ace2ecfcee11bc8273f542557') in 0.008450 seconds 
  Import took 0.012617 seconds .

========================================================================
Received Import Request.
  Time since last request: 0.000294 seconds.
  path: Assets/Brackeys/2D Mega Pack/Characters/Wizard.png
  artifactKey: Guid(c98b9cd543d1a6d448e27babb81798a0) Importer(815301076,1909f56bfc062723c751e8b465ee728b)
Start importing Assets/Brackeys/2D Mega Pack/Characters/Wizard.png using Guid(c98b9cd543d1a6d448e27babb81798a0) Importer(815301076,1909f56bfc062723c751e8b465ee728b)  -> (artifact id: 'ae356c2e9b37a4d5e44dd5d367cfbe4a') in 0.043761 seconds 
  Import took 0.048223 seconds .

========================================================================
Received Import Request.
  Time since last request: 0.000328 seconds.
  path: Assets/Brackeys/2D Mega Pack/Characters/PongPlayer.png
  artifactKey: Guid(3f5d8b39358f65040ade5d7096bc8085) Importer(815301076,1909f56bfc062723c751e8b465ee728b)
Start importing Assets/Brackeys/2D Mega Pack/Characters/PongPlayer.png using Guid(3f5d8b39358f65040ade5d7096bc8085) Importer(815301076,1909f56bfc062723c751e8b465ee728b)  -> (artifact id: '231bc71a0ecd7704433a7e7a0e1ee4db') in 0.011175 seconds 
  Import took 0.014308 seconds .

========================================================================
Received Import Request.
  Time since last request: 0.000231 seconds.
  path: Assets/Brackeys/2D Mega Pack/Characters/Astronaut.png
  artifactKey: Guid(a0e7f1167efba544bb8d6e3198ae44f9) Importer(815301076,1909f56bfc062723c751e8b465ee728b)
Start importing Assets/Brackeys/2D Mega Pack/Characters/Astronaut.png using Guid(a0e7f1167efba544bb8d6e3198ae44f9) Importer(815301076,1909f56bfc062723c751e8b465ee728b)  -> (artifact id: '784b28112757e4a95980faafb609ae97') in 0.031983 seconds 
  Import took 0.035003 seconds .

========================================================================
Received Import Request.
  Time since last request: 0.000218 seconds.
  path: Assets/Brackeys/2D Mega Pack/Characters/Detective.png
  artifactKey: Guid(f776e2e9690501e41a2e5b81ceb440b9) Importer(815301076,1909f56bfc062723c751e8b465ee728b)
Start importing Assets/Brackeys/2D Mega Pack/Characters/Detective.png using Guid(f776e2e9690501e41a2e5b81ceb440b9) Importer(815301076,1909f56bfc062723c751e8b465ee728b)  -> (artifact id: 'b7efae1e8933e51584c0be2bb7e3bdf3') in 0.061645 seconds 
  Import took 0.064704 seconds .

========================================================================
Received Import Request.
  Time since last request: 0.000209 seconds.
  path: Assets/Brackeys/2D Mega Pack/Characters/MrPeanut.png
  artifactKey: Guid(25dbfbd01b6dc0c49a048b76d7f7368f) Importer(815301076,1909f56bfc062723c751e8b465ee728b)
Start importing Assets/Brackeys/2D Mega Pack/Characters/MrPeanut.png using Guid(25dbfbd01b6dc0c49a048b76d7f7368f) Importer(815301076,1909f56bfc062723c751e8b465ee728b)  -> (artifact id: 'ba9dace41bee704a2f187b1205262749') in 0.013827 seconds 
  Import took 0.016653 seconds .

========================================================================
Received Import Request.
  Time since last request: 0.000235 seconds.
  path: Assets/Brackeys/2D Mega Pack/Characters/MrPickle.png
  artifactKey: Guid(9caa2d1bf58529846b51604707b587f6) Importer(815301076,1909f56bfc062723c751e8b465ee728b)
Start importing Assets/Brackeys/2D Mega Pack/Characters/MrPickle.png using Guid(9caa2d1bf58529846b51604707b587f6) Importer(815301076,1909f56bfc062723c751e8b465ee728b)  -> (artifact id: 'bfdf94748e8c6ff13f8b7f3d0e15e777') in 0.015608 seconds 
  Import took 0.018274 seconds .

========================================================================
Received Import Request.
  Time since last request: 0.000236 seconds.
  path: Assets/Brackeys/2D Mega Pack/Characters/Miner.png
  artifactKey: Guid(774fe8dccef69a44d9179e4529aea50c) Importer(815301076,1909f56bfc062723c751e8b465ee728b)
Start importing Assets/Brackeys/2D Mega Pack/Characters/Miner.png using Guid(774fe8dccef69a44d9179e4529aea50c) Importer(815301076,1909f56bfc062723c751e8b465ee728b)  -> (artifact id: '36a0099f39fd883559116e6da010b09a') in 0.034347 seconds 
  Import took 0.037424 seconds .

========================================================================
Received Import Request.
  Time since last request: 0.654947 seconds.
  path: Assets/Brackeys/2D Mega Pack/Effects/Explosion.png
  artifactKey: Guid(947c0cbf176869a45b7fd547776a2b0c) Importer(815301076,1909f56bfc062723c751e8b465ee728b)
Start importing Assets/Brackeys/2D Mega Pack/Effects/Explosion.png using Guid(947c0cbf176869a45b7fd547776a2b0c) Importer(815301076,1909f56bfc062723c751e8b465ee728b)  -> (artifact id: '75314236de82dac490ee991a0de191e2') in 0.021300 seconds 
  Import took 0.025968 seconds .

========================================================================
Received Import Request.
  Time since last request: 0.000245 seconds.
  path: Assets/Brackeys/2D Mega Pack/Effects/Muzzleflash3.png
  artifactKey: Guid(729dd7a288cc6af4cac0edf25f4af631) Importer(815301076,1909f56bfc062723c751e8b465ee728b)
Start importing Assets/Brackeys/2D Mega Pack/Effects/Muzzleflash3.png using Guid(729dd7a288cc6af4cac0edf25f4af631) Importer(815301076,1909f56bfc062723c751e8b465ee728b)  -> (artifact id: '5adac4a348eb3e6de5623392b2640b10') in 0.027117 seconds 
  Import took 0.030779 seconds .

========================================================================
Received Import Request.
  Time since last request: 0.000236 seconds.
  path: Assets/Brackeys/2D Mega Pack/Effects/Fireball.png
  artifactKey: Guid(5ff9fd1dfa3921644a587a08e82b9e1c) Importer(815301076,1909f56bfc062723c751e8b465ee728b)
Start importing Assets/Brackeys/2D Mega Pack/Effects/Fireball.png using Guid(5ff9fd1dfa3921644a587a08e82b9e1c) Importer(815301076,1909f56bfc062723c751e8b465ee728b)  -> (artifact id: '6356a03411248eeab685f18604870418') in 0.022408 seconds 
  Import took 0.026030 seconds .

========================================================================
Received Import Request.
  Time since last request: 0.000218 seconds.
  path: Assets/Brackeys/2D Mega Pack/Effects/Muzzleflash1.png
  artifactKey: Guid(537061d6ab4addf439f918145d65123e) Importer(815301076,1909f56bfc062723c751e8b465ee728b)
Start importing Assets/Brackeys/2D Mega Pack/Effects/Muzzleflash1.png using Guid(537061d6ab4addf439f918145d65123e) Importer(815301076,1909f56bfc062723c751e8b465ee728b)  -> (artifact id: '16bcc251469b01b5e1019a6ba042268b') in 0.029316 seconds 
  Import took 0.033982 seconds .

========================================================================
Received Import Request.
  Time since last request: 0.000405 seconds.
  path: Assets/Brackeys/2D Mega Pack/Effects/PixelParticle.png
  artifactKey: Guid(20cc7aa77cf0c554eaf57b9dfce35c24) Importer(815301076,1909f56bfc062723c751e8b465ee728b)
Start importing Assets/Brackeys/2D Mega Pack/Effects/PixelParticle.png using Guid(20cc7aa77cf0c554eaf57b9dfce35c24) Importer(815301076,1909f56bfc062723c751e8b465ee728b)  -> (artifact id: '2b5ae8bd5e437564d40c59646e92e50f') in 0.008811 seconds 
  Import took 0.012328 seconds .

========================================================================
Received Import Request.
  Time since last request: 0.000243 seconds.
  path: Assets/Brackeys/2D Mega Pack/Effects/Muzzleflash2.png
  artifactKey: Guid(8dc86788c2b5b6f4c8c37280a947161a) Importer(815301076,1909f56bfc062723c751e8b465ee728b)
Start importing Assets/Brackeys/2D Mega Pack/Effects/Muzzleflash2.png using Guid(8dc86788c2b5b6f4c8c37280a947161a) Importer(815301076,1909f56bfc062723c751e8b465ee728b)  -> (artifact id: '0efe0da08370192940929232a674688d') in 0.025572 seconds 
  Import took 0.028407 seconds .

========================================================================
Received Import Request.
  Time since last request: 0.835535 seconds.
  path: Assets/Brackeys/2D Mega Pack/Enemies/AlienSpaceship.png
  artifactKey: Guid(a8166ea434d337349818825bff42d2f6) Importer(815301076,1909f56bfc062723c751e8b465ee728b)
Start importing Assets/Brackeys/2D Mega Pack/Enemies/AlienSpaceship.png using Guid(a8166ea434d337349818825bff42d2f6) Importer(815301076,1909f56bfc062723c751e8b465ee728b)  -> (artifact id: 'db80e7c762f7f3aa5e223b2975b91bba') in 0.014642 seconds 
  Import took 0.019015 seconds .

========================================================================
Received Import Request.
  Time since last request: 0.000235 seconds.
  path: Assets/Brackeys/2D Mega Pack/Enemies/Canon.png
  artifactKey: Guid(8bfadec067237c04ab16144f6847e733) Importer(815301076,1909f56bfc062723c751e8b465ee728b)
Start importing Assets/Brackeys/2D Mega Pack/Enemies/Canon.png using Guid(8bfadec067237c04ab16144f6847e733) Importer(815301076,1909f56bfc062723c751e8b465ee728b)  -> (artifact id: 'a670c82e62529a9d4e0533c9b3b04411') in 0.014352 seconds 
  Import took 0.017564 seconds .

========================================================================
Received Import Request.
  Time since last request: 0.000203 seconds.
  path: Assets/Brackeys/2D Mega Pack/Enemies/Bullet.png
  artifactKey: Guid(9a397e83c4c3c994c988babb654f2b5d) Importer(815301076,1909f56bfc062723c751e8b465ee728b)
Start importing Assets/Brackeys/2D Mega Pack/Enemies/Bullet.png using Guid(9a397e83c4c3c994c988babb654f2b5d) Importer(815301076,1909f56bfc062723c751e8b465ee728b)  -> (artifact id: 'eaf5ddd6afcfe53a136c50ed98cee1af') in 0.033805 seconds 
  Import took 0.037444 seconds .

========================================================================
Received Import Request.
  Time since last request: 0.000375 seconds.
  path: Assets/Brackeys/2D Mega Pack/Enemies/Crow.png
  artifactKey: Guid(7ed863ccbdc96f0438cc78a3c684e3e0) Importer(815301076,1909f56bfc062723c751e8b465ee728b)
Start importing Assets/Brackeys/2D Mega Pack/Enemies/Crow.png using Guid(7ed863ccbdc96f0438cc78a3c684e3e0) Importer(815301076,1909f56bfc062723c751e8b465ee728b)  -> (artifact id: 'f89a77660e9a0c519cfaa6e59690e10a') in 0.017841 seconds 
  Import took 0.021653 seconds .

========================================================================
Received Import Request.
  Time since last request: 0.000217 seconds.
  path: Assets/Brackeys/2D Mega Pack/Enemies/SpikyBall.png
  artifactKey: Guid(a2d68081d156f704bb974b65c4ba11c6) Importer(815301076,1909f56bfc062723c751e8b465ee728b)
Start importing Assets/Brackeys/2D Mega Pack/Enemies/SpikyBall.png using Guid(a2d68081d156f704bb974b65c4ba11c6) Importer(815301076,1909f56bfc062723c751e8b465ee728b)  -> (artifact id: 'b9b7fbdcf93cee7559e15cd885f551a2') in 0.014242 seconds 
  Import took 0.017778 seconds .

========================================================================
Received Import Request.
  Time since last request: 7.028210 seconds.
  path: Assets/Brackeys/2D Mega Pack/Environment/DungeonFrame1.png
  artifactKey: Guid(0f685dbcc39570b47b13c2b8556dab78) Importer(815301076,1909f56bfc062723c751e8b465ee728b)
Start importing Assets/Brackeys/2D Mega Pack/Environment/DungeonFrame1.png using Guid(0f685dbcc39570b47b13c2b8556dab78) Importer(815301076,1909f56bfc062723c751e8b465ee728b)  -> (artifact id: '6a91839d4f8a61c74bbf3ddc7083a6b8') in 0.020220 seconds 
  Import took 0.024381 seconds .

========================================================================
Received Import Request.
  Time since last request: 0.000299 seconds.
  path: Assets/Brackeys/2D Mega Pack/Environment/Mountains&Platforms.png
  artifactKey: Guid(87b209f140a1f3c408061c67de42043c) Importer(815301076,1909f56bfc062723c751e8b465ee728b)
Start importing Assets/Brackeys/2D Mega Pack/Environment/Mountains&Platforms.png using Guid(87b209f140a1f3c408061c67de42043c) Importer(815301076,1909f56bfc062723c751e8b465ee728b)  -> (artifact id: '5c1313ea3856f21cded98aff1cfecb7c') in 0.038447 seconds 
  Import took 0.042458 seconds .

========================================================================
Received Import Request.
  Time since last request: 0.000295 seconds.
  path: Assets/Brackeys/2D Mega Pack/Environment/DungeonFrame2.png
  artifactKey: Guid(647450ba17135774fb5972a3c1eb9325) Importer(815301076,1909f56bfc062723c751e8b465ee728b)
Start importing Assets/Brackeys/2D Mega Pack/Environment/DungeonFrame2.png using Guid(647450ba17135774fb5972a3c1eb9325) Importer(815301076,1909f56bfc062723c751e8b465ee728b)  -> (artifact id: '9e1a69f8caf75395c80410cd5e15a9b4') in 0.017987 seconds 
  Import took 0.021690 seconds .

AssetImportWorkerClient::OnTransportError - code=2 error=End of file
